<?xml version="1.0" encoding="UTF-8"?>
<!-- Generated by org.testng.reporters.JUnitReportReporter -->
<testsuite hostname="MONISHA-PC" failures="0" tests="1" name="com.excelr.testcases.DashboardPageTest" time="10.058" errors="0" timestamp="2022-12-22T17:25:53 IST" skipped="0">
  <testcase classname="com.excelr.testcases.DashboardPageTest" name="validateQuickLaunchSection" time="10.058"/>
  <system-out/>
</testsuite> <!-- com.excelr.testcases.DashboardPageTest -->
